2018-04-01 15:40:59 - PHP Warning:  session_start(): Cannot send session cookie - headers already sent by (output started at C:\OSPanel\domains\mobile-oc-1-5-5-1-2.loc\system\database\mysql.php:6) in C:\OSPanel\domains\mobile-oc-1-5-5-1-2.loc\system\library\session.php on line 11
2018-04-01 15:40:59 - PHP Warning:  session_start(): Cannot send session cache limiter - headers already sent (output started at C:\OSPanel\domains\mobile-oc-1-5-5-1-2.loc\system\database\mysql.php:6) in C:\OSPanel\domains\mobile-oc-1-5-5-1-2.loc\system\library\session.php on line 11
2018-04-01 15:40:59 - PHP Warning:  Cannot modify header information - headers already sent by (output started at C:\OSPanel\domains\mobile-oc-1-5-5-1-2.loc\system\database\mysql.php:6) in C:\OSPanel\domains\mobile-oc-1-5-5-1-2.loc\index.php on line 176
2018-04-01 15:40:59 - PHP Warning:  Cannot modify header information - headers already sent by (output started at C:\OSPanel\domains\mobile-oc-1-5-5-1-2.loc\system\database\mysql.php:6) in C:\OSPanel\domains\mobile-oc-1-5-5-1-2.loc\system\library\currency.php on line 45
2018-04-01 15:48:49 - PHP Warning:  session_start(): Cannot send session cookie - headers already sent by (output started at C:\OSPanel\domains\mobile-oc-1-5-5-1-2.loc\system\database\mysql.php:6) in C:\OSPanel\domains\mobile-oc-1-5-5-1-2.loc\system\library\session.php on line 11
2018-04-01 15:48:49 - PHP Warning:  session_start(): Cannot send session cache limiter - headers already sent (output started at C:\OSPanel\domains\mobile-oc-1-5-5-1-2.loc\system\database\mysql.php:6) in C:\OSPanel\domains\mobile-oc-1-5-5-1-2.loc\system\library\session.php on line 11
2018-04-01 15:48:49 - PHP Warning:  Cannot modify header information - headers already sent by (output started at C:\OSPanel\domains\mobile-oc-1-5-5-1-2.loc\system\database\mysql.php:6) in C:\OSPanel\domains\mobile-oc-1-5-5-1-2.loc\index.php on line 176
2018-04-01 15:48:49 - PHP Warning:  Cannot modify header information - headers already sent by (output started at C:\OSPanel\domains\mobile-oc-1-5-5-1-2.loc\system\database\mysql.php:6) in C:\OSPanel\domains\mobile-oc-1-5-5-1-2.loc\system\library\currency.php on line 45
2018-04-01 15:48:51 - PHP Warning:  session_start(): Cannot send session cookie - headers already sent by (output started at C:\OSPanel\domains\mobile-oc-1-5-5-1-2.loc\system\database\mysql.php:6) in C:\OSPanel\domains\mobile-oc-1-5-5-1-2.loc\system\library\session.php on line 11
2018-04-01 15:48:51 - PHP Warning:  session_start(): Cannot send session cache limiter - headers already sent (output started at C:\OSPanel\domains\mobile-oc-1-5-5-1-2.loc\system\database\mysql.php:6) in C:\OSPanel\domains\mobile-oc-1-5-5-1-2.loc\system\library\session.php on line 11
2018-04-01 15:48:51 - PHP Warning:  Cannot modify header information - headers already sent by (output started at C:\OSPanel\domains\mobile-oc-1-5-5-1-2.loc\system\database\mysql.php:6) in C:\OSPanel\domains\mobile-oc-1-5-5-1-2.loc\index.php on line 176
2018-04-01 15:48:51 - PHP Warning:  Cannot modify header information - headers already sent by (output started at C:\OSPanel\domains\mobile-oc-1-5-5-1-2.loc\system\database\mysql.php:6) in C:\OSPanel\domains\mobile-oc-1-5-5-1-2.loc\system\library\currency.php on line 45
2018-04-04 10:54:28 - PHP Notice:  Error: Could not load controller module/helloworld! in C:\OSPanel\domains\mobile-oc-1-5-5-1-2.loc\system\engine\controller.php on line 47
2018-04-02 20:35:06 - PHP Warning:  Cannot modify header information - headers already sent by (output started at C:\OSPanel\domains\mobile-oc-1-5-5-1-2.loc\admin\controller\module\myHelloWorld.php:16) in C:\OSPanel\domains\mobile-oc-1-5-5-1-2.loc\system\engine\controller.php on line 28
2018-04-02 20:35:06 - PHP Warning:  Cannot modify header information - headers already sent by (output started at C:\OSPanel\domains\mobile-oc-1-5-5-1-2.loc\admin\controller\module\myHelloWorld.php:16) in C:\OSPanel\domains\mobile-oc-1-5-5-1-2.loc\system\engine\controller.php on line 29
2018-04-02 20:36:51 - PHP Warning:  Cannot modify header information - headers already sent by (output started at C:\OSPanel\domains\mobile-oc-1-5-5-1-2.loc\admin\controller\module\myHelloWorld.php:16) in C:\OSPanel\domains\mobile-oc-1-5-5-1-2.loc\system\engine\controller.php on line 28
2018-04-02 20:36:51 - PHP Warning:  Cannot modify header information - headers already sent by (output started at C:\OSPanel\domains\mobile-oc-1-5-5-1-2.loc\admin\controller\module\myHelloWorld.php:16) in C:\OSPanel\domains\mobile-oc-1-5-5-1-2.loc\system\engine\controller.php on line 29
2018-04-02 20:41:37 - PHP Warning:  Cannot modify header information - headers already sent by (output started at C:\OSPanel\domains\mobile-oc-1-5-5-1-2.loc\admin\controller\module\myHelloWorld.php:16) in C:\OSPanel\domains\mobile-oc-1-5-5-1-2.loc\system\engine\controller.php on line 28
2018-04-02 20:41:37 - PHP Warning:  Cannot modify header information - headers already sent by (output started at C:\OSPanel\domains\mobile-oc-1-5-5-1-2.loc\admin\controller\module\myHelloWorld.php:16) in C:\OSPanel\domains\mobile-oc-1-5-5-1-2.loc\system\engine\controller.php on line 29
2018-04-02 20:41:45 - PHP Notice:  Error: Could not load controller module/myHelloWorld! in C:\OSPanel\domains\mobile-oc-1-5-5-1-2.loc\system\engine\controller.php on line 47
2018-04-02 20:41:54 - PHP Notice:  Error: Could not load controller module/myHelloWorld! in C:\OSPanel\domains\mobile-oc-1-5-5-1-2.loc\system\engine\controller.php on line 47
2018-04-02 20:41:57 - PHP Notice:  Error: Could not load controller module/myHelloWorld! in C:\OSPanel\domains\mobile-oc-1-5-5-1-2.loc\system\engine\controller.php on line 47
2018-04-02 20:42:46 - PHP Warning:  Cannot modify header information - headers already sent by (output started at C:\OSPanel\domains\mobile-oc-1-5-5-1-2.loc\admin\controller\module\myHelloWorld.php:16) in C:\OSPanel\domains\mobile-oc-1-5-5-1-2.loc\system\engine\controller.php on line 28
2018-04-02 20:42:46 - PHP Warning:  Cannot modify header information - headers already sent by (output started at C:\OSPanel\domains\mobile-oc-1-5-5-1-2.loc\admin\controller\module\myHelloWorld.php:16) in C:\OSPanel\domains\mobile-oc-1-5-5-1-2.loc\system\engine\controller.php on line 29
2018-04-02 20:42:54 - PHP Warning:  Cannot modify header information - headers already sent by (output started at C:\OSPanel\domains\mobile-oc-1-5-5-1-2.loc\admin\controller\module\myHelloWorld.php:16) in C:\OSPanel\domains\mobile-oc-1-5-5-1-2.loc\system\engine\controller.php on line 28
2018-04-02 20:42:54 - PHP Warning:  Cannot modify header information - headers already sent by (output started at C:\OSPanel\domains\mobile-oc-1-5-5-1-2.loc\admin\controller\module\myHelloWorld.php:16) in C:\OSPanel\domains\mobile-oc-1-5-5-1-2.loc\system\engine\controller.php on line 29
2018-04-02 20:42:58 - PHP Warning:  Cannot modify header information - headers already sent by (output started at C:\OSPanel\domains\mobile-oc-1-5-5-1-2.loc\admin\controller\module\myHelloWorld.php:16) in C:\OSPanel\domains\mobile-oc-1-5-5-1-2.loc\system\engine\controller.php on line 28
2018-04-02 20:42:58 - PHP Warning:  Cannot modify header information - headers already sent by (output started at C:\OSPanel\domains\mobile-oc-1-5-5-1-2.loc\admin\controller\module\myHelloWorld.php:16) in C:\OSPanel\domains\mobile-oc-1-5-5-1-2.loc\system\engine\controller.php on line 29
2018-04-02 23:00:23 - PHP Notice:  Error: Could not load language module/myHelloWorldWorld! in C:\OSPanel\domains\mobile-oc-1-5-5-1-2.loc\system\library\language.php on line 39
2018-04-02 23:00:23 - PHP Notice:  Error: Could not load template C:\OSPanel\domains\mobile-oc-1-5-5-1-2.loc/admin/view/template/module/myHelloWorld.tpl! in C:\OSPanel\domains\mobile-oc-1-5-5-1-2.loc\system\engine\controller.php on line 70
2018-04-02 23:03:02 - PHP Notice:  Error: Could not load language module/myHelloWorld! in C:\OSPanel\domains\mobile-oc-1-5-5-1-2.loc\system\library\language.php on line 39
2018-04-02 23:03:02 - PHP Notice:  Error: Could not load template C:\OSPanel\domains\mobile-oc-1-5-5-1-2.loc/admin/view/template/module/myHelloWorld.tpl! in C:\OSPanel\domains\mobile-oc-1-5-5-1-2.loc\system\engine\controller.php on line 70
2018-04-02 23:03:47 - PHP Notice:  Error: Could not load template C:\OSPanel\domains\mobile-oc-1-5-5-1-2.loc/admin/view/template/module/myHelloWorld.tpl! in C:\OSPanel\domains\mobile-oc-1-5-5-1-2.loc\system\engine\controller.php on line 70
2018-04-02 23:04:24 - PHP Notice:  Error: Could not load template C:\OSPanel\domains\mobile-oc-1-5-5-1-2.loc/admin/view/template/module/myHelloWorld.tpl! in C:\OSPanel\domains\mobile-oc-1-5-5-1-2.loc\system\engine\controller.php on line 70
2018-04-02 23:04:25 - PHP Notice:  Error: Could not load template C:\OSPanel\domains\mobile-oc-1-5-5-1-2.loc/admin/view/template/module/myHelloWorld.tpl! in C:\OSPanel\domains\mobile-oc-1-5-5-1-2.loc\system\engine\controller.php on line 70
2018-04-02 23:04:26 - PHP Notice:  Error: Could not load template C:\OSPanel\domains\mobile-oc-1-5-5-1-2.loc/admin/view/template/module/myHelloWorld.tpl! in C:\OSPanel\domains\mobile-oc-1-5-5-1-2.loc\system\engine\controller.php on line 70
2018-04-02 23:05:03 - PHP Notice:  Error: Could not load template C:\OSPanel\domains\mobile-oc-1-5-5-1-2.loc/admin/view/template/module/myHelloWorld.tpl! in C:\OSPanel\domains\mobile-oc-1-5-5-1-2.loc\system\engine\controller.php on line 70
2018-04-02 23:05:04 - PHP Notice:  Error: Could not load template C:\OSPanel\domains\mobile-oc-1-5-5-1-2.loc/admin/view/template/module/myHelloWorld.tpl! in C:\OSPanel\domains\mobile-oc-1-5-5-1-2.loc\system\engine\controller.php on line 70
2018-04-02 23:05:05 - PHP Notice:  Error: Could not load template C:\OSPanel\domains\mobile-oc-1-5-5-1-2.loc/admin/view/template/module/myHelloWorld.tpl! in C:\OSPanel\domains\mobile-oc-1-5-5-1-2.loc\system\engine\controller.php on line 70
2018-04-02 23:05:05 - PHP Notice:  Error: Could not load template C:\OSPanel\domains\mobile-oc-1-5-5-1-2.loc/admin/view/template/module/myHelloWorld.tpl! in C:\OSPanel\domains\mobile-oc-1-5-5-1-2.loc\system\engine\controller.php on line 70
2018-04-02 23:05:07 - PHP Notice:  Error: Could not load template C:\OSPanel\domains\mobile-oc-1-5-5-1-2.loc/admin/view/template/module/myHelloWorld.tpl! in C:\OSPanel\domains\mobile-oc-1-5-5-1-2.loc\system\engine\controller.php on line 70
2018-04-02 23:05:08 - PHP Notice:  Error: Could not load template C:\OSPanel\domains\mobile-oc-1-5-5-1-2.loc/admin/view/template/module/myHelloWorld.tpl! in C:\OSPanel\domains\mobile-oc-1-5-5-1-2.loc\system\engine\controller.php on line 70
2018-04-02 23:05:08 - PHP Notice:  Error: Could not load template C:\OSPanel\domains\mobile-oc-1-5-5-1-2.loc/admin/view/template/module/myHelloWorld.tpl! in C:\OSPanel\domains\mobile-oc-1-5-5-1-2.loc\system\engine\controller.php on line 70
2018-04-02 23:05:09 - PHP Notice:  Error: Could not load template C:\OSPanel\domains\mobile-oc-1-5-5-1-2.loc/admin/view/template/module/myHelloWorld.tpl! in C:\OSPanel\domains\mobile-oc-1-5-5-1-2.loc\system\engine\controller.php on line 70
2018-04-02 23:05:09 - PHP Notice:  Error: Could not load template C:\OSPanel\domains\mobile-oc-1-5-5-1-2.loc/admin/view/template/module/myHelloWorld.tpl! in C:\OSPanel\domains\mobile-oc-1-5-5-1-2.loc\system\engine\controller.php on line 70
2018-04-02 23:05:09 - PHP Notice:  Error: Could not load template C:\OSPanel\domains\mobile-oc-1-5-5-1-2.loc/admin/view/template/module/myHelloWorld.tpl! in C:\OSPanel\domains\mobile-oc-1-5-5-1-2.loc\system\engine\controller.php on line 70
2018-04-02 23:06:35 - PHP Notice:  Error: Could not load template C:\OSPanel\domains\mobile-oc-1-5-5-1-2.loc/admin/view/template/module/myHelloWorld.tpl! in C:\OSPanel\domains\mobile-oc-1-5-5-1-2.loc\system\engine\controller.php on line 70
2018-04-02 23:06:36 - PHP Notice:  Error: Could not load template C:\OSPanel\domains\mobile-oc-1-5-5-1-2.loc/admin/view/template/module/myHelloWorld.tpl! in C:\OSPanel\domains\mobile-oc-1-5-5-1-2.loc\system\engine\controller.php on line 70
2018-04-02 23:06:36 - PHP Notice:  Error: Could not load template C:\OSPanel\domains\mobile-oc-1-5-5-1-2.loc/admin/view/template/module/myHelloWorld.tpl! in C:\OSPanel\domains\mobile-oc-1-5-5-1-2.loc\system\engine\controller.php on line 70
2018-04-03 20:09:25 - PHP Notice:  Error: Could not load template C:\OSPanel\domains\mobile-oc-1-5-5-1-2.loc/admin/view/template/module/myHelloWorld.tpl! in C:\OSPanel\domains\mobile-oc-1-5-5-1-2.loc\system\engine\controller.php on line 70
2018-04-03 20:12:46 - PHP Notice:  Error: Could not load template C:\OSPanel\domains\mobile-oc-1-5-5-1-2.loc/admin/view/template/module/myHelloWorld.tpl! in C:\OSPanel\domains\mobile-oc-1-5-5-1-2.loc\system\engine\controller.php on line 70
